<?xml version="1.0" encoding="UTF-8"?>
<!-- Generated by org.testng.reporters.JUnitReportReporter -->
<testsuite hostname="gi-rafffa.local" name="de.zipjet.tests.BasicOrderTest" tests="1" failures="0" timestamp="27 Jul 2016 09:23:59 GMT" time="31.607" errors="0">
  <testcase name="defaultOrder" time="31.607" classname="de.zipjet.tests.BasicOrderTest"/>
</testsuite> <!-- de.zipjet.tests.BasicOrderTest -->
