<?xml version="1.0" encoding="UTF-8"?>
<!-- Generated by org.testng.reporters.JUnitReportReporter -->
<testsuite hostname="admins-MBP" name="example.NewTest" tests="1" failures="0" timestamp="8 Jun 2016 23:23:12 GMT" time="0.001" errors="1">
  <testcase name="testEasy" time="0.001" classname="example.NewTest">
    <error type="org.openqa.selenium.WebDriverException" message="Failed to connect to binary FirefoxBinary(/Applications/Firefox.app/Contents/MacOS/firefox-bin) on port 7055; process output follows: 
s.xpi	DEBUG	Calling bootstrap method startup on e10srollout@mozilla.org version 1.0
1465428147990	addons.xpi	DEBUG	Registering manifest for /Applications/Firefox.app/Contents/Resources/browser/features/firefox@getpocket.com.xpi
1465428147990	addons.xpi	DEBUG	Loading bootstrap scope from /Applications/Firefox.app/Contents/Resources/browser/features/firefox@getpocket.com.xpi
1465428147993	addons.xpi	DEBUG	Calling bootstrap method startup on firefox@getpocket.com version 1.0
1465428147998	addons.xpi-utils	DEBUG	Starting async load of XPI database /var/folders/gx/dh0s193d3fd5gm6hwjt5g1mm0000gp/T/anonymous6973580143685169226webdriver-profile/extensions.json
1465428147999	addons.xpi	DEBUG	Registering manifest for /Applications/Firefox.app/Contents/Resources/browser/features/loop@mozilla.org.xpi
1465428148000	addons.xpi	DEBUG	Loading bootstrap scope from /Applications/Firefox.app/Contents/Resources/browser/features/loop@mozilla.org.xpi
1465428148003	addons.xpi	DEBUG	Calling bootstrap method startup on loop@mozilla.org version 1.2.6
1465428148022	addons.manager	DEBUG	Registering shutdown blocker for XPIProvider
1465428148022	addons.manager	DEBUG	Provider finished startup: XPIProvider
1465428148023	addons.manager	DEBUG	Starting provider: LightweightThemeManager
1465428148023	addons.manager	DEBUG	Registering shutdown blocker for LightweightThemeManager
1465428148023	addons.manager	DEBUG	Provider finished startup: LightweightThemeManager
1465428148023	addons.manager	DEBUG	Starting provider: GMPProvider
1465428148027	addons.manager	DEBUG	Registering shutdown blocker for GMPProvider
1465428148027	addons.manager	DEBUG	Provider finished startup: GMPProvider
1465428148028	addons.manager	DEBUG	Starting provider: PluginProvider
1465428148028	addons.manager	DEBUG	Registering shutdown blocker for PluginProvider
1465428148028	addons.manager	DEBUG	Provider finished startup: PluginProvider
1465428148028	addons.manager	DEBUG	Completed startup sequence
1465428148234	addons.xpi-utils	DEBUG	Async JSON file read took 0 MS
1465428148235	addons.xpi-utils	DEBUG	Finished async read of XPI database, parsing...
1465428148236	addons.xpi-utils	DEBUG	Successfully read XPI database
1465428148245	addons.manager	DEBUG	Starting provider: &lt;unnamed-provider&gt;
1465428148245	addons.manager	DEBUG	Registering shutdown blocker for &lt;unnamed-provider&gt;
1465428148245	addons.manager	DEBUG	Provider finished startup: &lt;unnamed-provider&gt;
*** Blocklist::_loadBlocklistFromFile: blocklist is disabled
1465428148340	addons.manager	DEBUG	Starting provider: PreviousExperimentProvider
1465428148340	addons.manager	DEBUG	Registering shutdown blocker for PreviousExperimentProvider
1465428148341	addons.manager	DEBUG	Provider finished startup: PreviousExperimentProvider
JavaScript warning: https://normandy.cdn.mozilla.net/static/js/bundles/selfrepair-7575f6d27445b45bcffb.js, line 9825: mutating the [[Prototype]] of an object will cause your code to run very slowly; instead create the object with the correct initial [[Prototype]] value using Object.create
1465428156809	addons.xpi	DEBUG	Calling bootstrap method shutdown on e10srollout@mozilla.org version 1.0
1465428156809	addons.xpi	DEBUG	Calling bootstrap method shutdown on firefox@getpocket.com version 1.0
1465428156810	addons.xpi	DEBUG	Calling bootstrap method shutdown on loop@mozilla.org version 1.2.6
1465428157254	addons.manager	DEBUG	shutdown
1465428157254	addons.manager	DEBUG	Calling shutdown blocker for XPIProvider
1465428157254	addons.xpi	DEBUG	shutdown
1465428157254	addons.xpi-utils	DEBUG	shutdown
1465428157255	addons.manager	DEBUG	Calling shutdown blocker for LightweightThemeManager
1465428157255	addons.manager	DEBUG	Calling shutdown blocker for GMPProvider
1465428157256	addons.manager	DEBUG	Calling shutdown blocker for PluginProvider
1465428157257	addons.manager	DEBUG	Calling shutdown blocker for &lt;unnamed-provider&gt;
1465428157258	addons.manager	DEBUG	Calling shutdown blocker for PreviousExperimentProvider
1465428157259	addons.xpi	DEBUG	Notifying XPI shutdown observers
1465428157262	addons.manager	DEBUG	Async provider shutdown done

Build info: version: &#039;2.45.0&#039;, revision: &#039;5017cb8e7ca8e37638dc3091b2440b90a1d8686f&#039;, time: &#039;2015-02-27 09:10:26&#039;
System info: host: &#039;admins-MBP&#039;, ip: &#039;192.168.1.5&#039;, os.name: &#039;Mac OS X&#039;, os.arch: &#039;x86_64&#039;, os.version: &#039;10.11.5&#039;, java.version: &#039;1.8.0_65&#039;
Driver info: driver.version: FirefoxDriver">
      <![CDATA[org.openqa.selenium.WebDriverException: Failed to connect to binary FirefoxBinary(/Applications/Firefox.app/Contents/MacOS/firefox-bin) on port 7055; process output follows: 
s.xpi	DEBUG	Calling bootstrap method startup on e10srollout@mozilla.org version 1.0
1465428147990	addons.xpi	DEBUG	Registering manifest for /Applications/Firefox.app/Contents/Resources/browser/features/firefox@getpocket.com.xpi
1465428147990	addons.xpi	DEBUG	Loading bootstrap scope from /Applications/Firefox.app/Contents/Resources/browser/features/firefox@getpocket.com.xpi
1465428147993	addons.xpi	DEBUG	Calling bootstrap method startup on firefox@getpocket.com version 1.0
1465428147998	addons.xpi-utils	DEBUG	Starting async load of XPI database /var/folders/gx/dh0s193d3fd5gm6hwjt5g1mm0000gp/T/anonymous6973580143685169226webdriver-profile/extensions.json
1465428147999	addons.xpi	DEBUG	Registering manifest for /Applications/Firefox.app/Contents/Resources/browser/features/loop@mozilla.org.xpi
1465428148000	addons.xpi	DEBUG	Loading bootstrap scope from /Applications/Firefox.app/Contents/Resources/browser/features/loop@mozilla.org.xpi
1465428148003	addons.xpi	DEBUG	Calling bootstrap method startup on loop@mozilla.org version 1.2.6
1465428148022	addons.manager	DEBUG	Registering shutdown blocker for XPIProvider
1465428148022	addons.manager	DEBUG	Provider finished startup: XPIProvider
1465428148023	addons.manager	DEBUG	Starting provider: LightweightThemeManager
1465428148023	addons.manager	DEBUG	Registering shutdown blocker for LightweightThemeManager
1465428148023	addons.manager	DEBUG	Provider finished startup: LightweightThemeManager
1465428148023	addons.manager	DEBUG	Starting provider: GMPProvider
1465428148027	addons.manager	DEBUG	Registering shutdown blocker for GMPProvider
1465428148027	addons.manager	DEBUG	Provider finished startup: GMPProvider
1465428148028	addons.manager	DEBUG	Starting provider: PluginProvider
1465428148028	addons.manager	DEBUG	Registering shutdown blocker for PluginProvider
1465428148028	addons.manager	DEBUG	Provider finished startup: PluginProvider
1465428148028	addons.manager	DEBUG	Completed startup sequence
1465428148234	addons.xpi-utils	DEBUG	Async JSON file read took 0 MS
1465428148235	addons.xpi-utils	DEBUG	Finished async read of XPI database, parsing...
1465428148236	addons.xpi-utils	DEBUG	Successfully read XPI database
1465428148245	addons.manager	DEBUG	Starting provider: <unnamed-provider>
1465428148245	addons.manager	DEBUG	Registering shutdown blocker for <unnamed-provider>
1465428148245	addons.manager	DEBUG	Provider finished startup: <unnamed-provider>
*** Blocklist::_loadBlocklistFromFile: blocklist is disabled
1465428148340	addons.manager	DEBUG	Starting provider: PreviousExperimentProvider
1465428148340	addons.manager	DEBUG	Registering shutdown blocker for PreviousExperimentProvider
1465428148341	addons.manager	DEBUG	Provider finished startup: PreviousExperimentProvider
JavaScript warning: https://normandy.cdn.mozilla.net/static/js/bundles/selfrepair-7575f6d27445b45bcffb.js, line 9825: mutating the [[Prototype]] of an object will cause your code to run very slowly; instead create the object with the correct initial [[Prototype]] value using Object.create
1465428156809	addons.xpi	DEBUG	Calling bootstrap method shutdown on e10srollout@mozilla.org version 1.0
1465428156809	addons.xpi	DEBUG	Calling bootstrap method shutdown on firefox@getpocket.com version 1.0
1465428156810	addons.xpi	DEBUG	Calling bootstrap method shutdown on loop@mozilla.org version 1.2.6
1465428157254	addons.manager	DEBUG	shutdown
1465428157254	addons.manager	DEBUG	Calling shutdown blocker for XPIProvider
1465428157254	addons.xpi	DEBUG	shutdown
1465428157254	addons.xpi-utils	DEBUG	shutdown
1465428157255	addons.manager	DEBUG	Calling shutdown blocker for LightweightThemeManager
1465428157255	addons.manager	DEBUG	Calling shutdown blocker for GMPProvider
1465428157256	addons.manager	DEBUG	Calling shutdown blocker for PluginProvider
1465428157257	addons.manager	DEBUG	Calling shutdown blocker for <unnamed-provider>
1465428157258	addons.manager	DEBUG	Calling shutdown blocker for PreviousExperimentProvider
1465428157259	addons.xpi	DEBUG	Notifying XPI shutdown observers
1465428157262	addons.manager	DEBUG	Async provider shutdown done

Build info: version: '2.45.0', revision: '5017cb8e7ca8e37638dc3091b2440b90a1d8686f', time: '2015-02-27 09:10:26'
System info: host: 'admins-MBP', ip: '192.168.1.5', os.name: 'Mac OS X', os.arch: 'x86_64', os.version: '10.11.5', java.version: '1.8.0_65'
Driver info: driver.version: FirefoxDriver
	at org.openqa.selenium.firefox.internal.NewProfileExtensionConnection.start(NewProfileExtensionConnection.java:130)
	at org.openqa.selenium.firefox.FirefoxDriver.startClient(FirefoxDriver.java:246)
	at org.openqa.selenium.remote.RemoteWebDriver.<init>(RemoteWebDriver.java:114)
	at org.openqa.selenium.firefox.FirefoxDriver.<init>(FirefoxDriver.java:191)
	at org.openqa.selenium.firefox.FirefoxDriver.<init>(FirefoxDriver.java:186)
	at org.openqa.selenium.firefox.FirefoxDriver.<init>(FirefoxDriver.java:182)
	at org.openqa.selenium.firefox.FirefoxDriver.<init>(FirefoxDriver.java:95)
	at example.NewTest.beforeTest(NewTest.java:23)
	at sun.reflect.NativeMethodAccessorImpl.invoke0(Native Method)
	at sun.reflect.NativeMethodAccessorImpl.invoke(NativeMethodAccessorImpl.java:62)
	at sun.reflect.DelegatingMethodAccessorImpl.invoke(DelegatingMethodAccessorImpl.java:43)
	at java.lang.reflect.Method.invoke(Method.java:497)
	at org.testng.internal.MethodInvocationHelper.invokeMethod(MethodInvocationHelper.java:86)
	at org.testng.internal.Invoker.invokeConfigurationMethod(Invoker.java:514)
	at org.testng.internal.Invoker.invokeConfigurations(Invoker.java:215)
	at org.testng.internal.Invoker.invokeConfigurations(Invoker.java:142)
	at org.testng.TestRunner.beforeRun(TestRunner.java:656)
	at org.testng.TestRunner.run(TestRunner.java:624)
	at org.testng.SuiteRunner.runTest(SuiteRunner.java:366)
	at org.testng.SuiteRunner.runSequentially(SuiteRunner.java:361)
	at org.testng.SuiteRunner.privateRun(SuiteRunner.java:319)
	at org.testng.SuiteRunner.run(SuiteRunner.java:268)
	at org.testng.SuiteRunnerWorker.runSuite(SuiteRunnerWorker.java:52)
	at org.testng.SuiteRunnerWorker.run(SuiteRunnerWorker.java:86)
	at org.testng.TestNG.runSuitesSequentially(TestNG.java:1244)
	at org.testng.TestNG.runSuitesLocally(TestNG.java:1169)
	at org.testng.TestNG.run(TestNG.java:1064)
	at org.testng.remote.RemoteTestNG.run(RemoteTestNG.java:113)
	at org.testng.remote.RemoteTestNG.initAndRun(RemoteTestNG.java:206)
	at org.testng.remote.RemoteTestNG.main(RemoteTestNG.java:177)
Caused by: org.openqa.selenium.firefox.NotConnectedException: Unable to connect to host 127.0.0.1 on port 7055 after 45000 ms. Firefox console output:
s.xpi	DEBUG	Calling bootstrap method startup on e10srollout@mozilla.org version 1.0
1465428147990	addons.xpi	DEBUG	Registering manifest for /Applications/Firefox.app/Contents/Resources/browser/features/firefox@getpocket.com.xpi
1465428147990	addons.xpi	DEBUG	Loading bootstrap scope from /Applications/Firefox.app/Contents/Resources/browser/features/firefox@getpocket.com.xpi
1465428147993	addons.xpi	DEBUG	Calling bootstrap method startup on firefox@getpocket.com version 1.0
1465428147998	addons.xpi-utils	DEBUG	Starting async load of XPI database /var/folders/gx/dh0s193d3fd5gm6hwjt5g1mm0000gp/T/anonymous6973580143685169226webdriver-profile/extensions.json
1465428147999	addons.xpi	DEBUG	Registering manifest for /Applications/Firefox.app/Contents/Resources/browser/features/loop@mozilla.org.xpi
1465428148000	addons.xpi	DEBUG	Loading bootstrap scope from /Applications/Firefox.app/Contents/Resources/browser/features/loop@mozilla.org.xpi
1465428148003	addons.xpi	DEBUG	Calling bootstrap method startup on loop@mozilla.org version 1.2.6
1465428148022	addons.manager	DEBUG	Registering shutdown blocker for XPIProvider
1465428148022	addons.manager	DEBUG	Provider finished startup: XPIProvider
1465428148023	addons.manager	DEBUG	Starting provider: LightweightThemeManager
1465428148023	addons.manager	DEBUG	Registering shutdown blocker for LightweightThemeManager
1465428148023	addons.manager	DEBUG	Provider finished startup: LightweightThemeManager
1465428148023	addons.manager	DEBUG	Starting provider: GMPProvider
1465428148027	addons.manager	DEBUG	Registering shutdown blocker for GMPProvider
1465428148027	addons.manager	DEBUG	Provider finished startup: GMPProvider
1465428148028	addons.manager	DEBUG	Starting provider: PluginProvider
1465428148028	addons.manager	DEBUG	Registering shutdown blocker for PluginProvider
1465428148028	addons.manager	DEBUG	Provider finished startup: PluginProvider
1465428148028	addons.manager	DEBUG	Completed startup sequence
1465428148234	addons.xpi-utils	DEBUG	Async JSON file read took 0 MS
1465428148235	addons.xpi-utils	DEBUG	Finished async read of XPI database, parsing...
1465428148236	addons.xpi-utils	DEBUG	Successfully read XPI database
1465428148245	addons.manager	DEBUG	Starting provider: <unnamed-provider>
1465428148245	addons.manager	DEBUG	Registering shutdown blocker for <unnamed-provider>
1465428148245	addons.manager	DEBUG	Provider finished startup: <unnamed-provider>
*** Blocklist::_loadBlocklistFromFile: blocklist is disabled
1465428148340	addons.manager	DEBUG	Starting provider: PreviousExperimentProvider
1465428148340	addons.manager	DEBUG	Registering shutdown blocker for PreviousExperimentProvider
1465428148341	addons.manager	DEBUG	Provider finished startup: PreviousExperimentProvider
JavaScript warning: https://normandy.cdn.mozilla.net/static/js/bundles/selfrepair-7575f6d27445b45bcffb.js, line 9825: mutating the [[Prototype]] of an object will cause your code to run very slowly; instead create the object with the correct initial [[Prototype]] value using Object.create
1465428156809	addons.xpi	DEBUG	Calling bootstrap method shutdown on e10srollout@mozilla.org version 1.0
1465428156809	addons.xpi	DEBUG	Calling bootstrap method shutdown on firefox@getpocket.com version 1.0
1465428156810	addons.xpi	DEBUG	Calling bootstrap method shutdown on loop@mozilla.org version 1.2.6
1465428157254	addons.manager	DEBUG	shutdown
1465428157254	addons.manager	DEBUG	Calling shutdown blocker for XPIProvider
1465428157254	addons.xpi	DEBUG	shutdown
1465428157254	addons.xpi-utils	DEBUG	shutdown
1465428157255	addons.manager	DEBUG	Calling shutdown blocker for LightweightThemeManager
1465428157255	addons.manager	DEBUG	Calling shutdown blocker for GMPProvider
1465428157256	addons.manager	DEBUG	Calling shutdown blocker for PluginProvider
1465428157257	addons.manager	DEBUG	Calling shutdown blocker for <unnamed-provider>
1465428157258	addons.manager	DEBUG	Calling shutdown blocker for PreviousExperimentProvider
1465428157259	addons.xpi	DEBUG	Notifying XPI shutdown observers
1465428157262	addons.manager	DEBUG	Async provider shutdown done

	at org.openqa.selenium.firefox.internal.NewProfileExtensionConnection.start(NewProfileExtensionConnection.java:118)
	... 29 more
]]>
    </error>
  </testcase> <!-- testEasy -->
</testsuite> <!-- example.NewTest -->
