<?xml version="1.0" encoding="UTF-8"?>
<!-- Generated by org.testng.reporters.JUnitReportReporter -->
<testsuite hostname="gi-rafffa.local" name="de.zipjet.tests.ChromeTest" tests="1" failures="0" timestamp="25 Jul 2016 18:26:54 GMT" time="23.892" errors="0">
  <testcase name="testGoogleSearch" time="23.892" classname="de.zipjet.tests.ChromeTest"/>
</testsuite> <!-- de.zipjet.tests.ChromeTest -->
