<?xml version="1.0" encoding="UTF-8"?>
<!-- Generated by org.testng.reporters.JUnitReportReporter -->
<testsuite hostname="gi-rafffa.local" name="de.zipjet.tests.SimpleTest" tests="1" failures="0" timestamp="25 Jul 2016 19:24:32 GMT" time="8.101" errors="0">
  <testcase name="simpleTest" time="8.101" classname="de.zipjet.tests.SimpleTest"/>
</testsuite> <!-- de.zipjet.tests.SimpleTest -->
