<?xml version="1.0" encoding="UTF-8"?>
<!-- Generated by org.testng.reporters.JUnitReportReporter -->
<testsuite hostname="gi-rafffa.local" name="de.zipjet.tests.ChromeTest" tests="1" failures="0" timestamp="26 Jul 2016 15:03:29 GMT" time="24.432" errors="0">
  <testcase name="testGoogleSearch" time="24.432" classname="de.zipjet.tests.ChromeTest"/>
</testsuite> <!-- de.zipjet.tests.ChromeTest -->
