<?xml version="1.0" encoding="UTF-8"?>
<!-- Generated by org.testng.reporters.JUnitReportReporter -->
<testsuite hostname="gi-rafffa.local" name="de.zipjet.tests.IntentPopupTest" tests="4" failures="0" timestamp="26 Jul 2016 15:29:39 GMT" time="24.904" errors="0">
  <testcase name="popUpForNewCustomerSecondTime" time="6.072" classname="de.zipjet.tests.IntentPopupTest"/>
  <testcase name="thirdVisitNoPopup" time="8.454" classname="de.zipjet.tests.IntentPopupTest"/>
  <testcase name="refreshSessionNotExpiredNoPopup" time="6.158" classname="de.zipjet.tests.IntentPopupTest"/>
  <testcase name="firstVisitNoPopup" time="4.220" classname="de.zipjet.tests.IntentPopupTest"/>
</testsuite> <!-- de.zipjet.tests.IntentPopupTest -->
